# JRE version: OpenJDK Runtime Environment Temurin-17.0.4.1+1 (17.0.4.1+1) (build 17.0.4.1+1)
# Java VM: OpenJDK 64-Bit Server VM Temurin-17.0.4.1+1 (17.0.4.1+1, mixed mode, tiered, compressed oops, compressed class ptrs, parallel gc, windows-amd64)
GC Precious Log:
 CPUs: 4 total, 4 available
 Memory: 32659M
 Large Page Support: Disabled
 NUMA Support: Disabled
 Compressed Oops: Enabled (32-bit)
 Alignments: Space 512K, Generation 512K, Heap 2M
 Heap Min Capacity: 100M
 Heap Initial Capacity: 100M
 Heap Max Capacity: 1G
 Pre-touch: Disabled
 Parallel Workers: 4
Heap:
 PSYoungGen      total 7168K, used 2528K [0x00000000eab00000, 0x00000000eb480000, 0x0000000100000000)
  eden space 4608K, 0% used [0x00000000eab00000,0x00000000eab00000,0x00000000eaf80000)
  from space 2560K, 98% used [0x00000000eb200000,0x00000000eb4780f0,0x00000000eb480000)
  to   space 2048K, 0% used [0x00000000eaf80000,0x00000000eaf80000,0x00000000eb180000)
 ParOldGen       total 77312K, used 75231K [0x00000000c0000000, 0x00000000c4b80000, 0x00000000eab00000)
  object space 77312K, 97% used [0x00000000c0000000,0x00000000c4977f08,0x00000000c4b80000)
 Metaspace       used 77209K, committed 78272K, reserved 1122304K
  class space    used 7490K, committed 7936K, reserved 1048576K
GC Heap History (20 events):
Event: 810.310 GC heap before
{Heap before GC invocations=4041 (full 124):
 PSYoungGen      total 6144K, used 6144K [0x00000000eab00000, 0x00000000eb680000, 0x0000000100000000)
  eden space 4608K, 100% used [0x00000000eab00000,0x00000000eaf80000,0x00000000eaf80000)
  from space 1536K, 100% used [0x00000000eaf80000,0x00000000eb100000,0x00000000eb100000)
  to   space 3584K, 0% used [0x00000000eb300000,0x00000000eb300000,0x00000000eb680000)
 ParOldGen       total 77312K, used 67106K [0x00000000c0000000, 0x00000000c4b80000, 0x00000000eab00000)
  object space 77312K, 86% used [0x00000000c0000000,0x00000000c4188b08,0x00000000c4b80000)
 Metaspace       used 77187K, committed 78208K, reserved 1122304K
  class space    used 7486K, committed 7872K, reserved 1048576K
}
Event: 810.315 GC heap after
{Heap after GC invocations=4041 (full 124):
 PSYoungGen      total 7168K, used 2192K [0x00000000eab00000, 0x00000000eb580000, 0x0000000100000000)
  eden space 4608K, 0% used [0x00000000eab00000,0x00000000eab00000,0x00000000eaf80000)
  from space 2560K, 85% used [0x00000000eb300000,0x00000000eb524010,0x00000000eb580000)
  to   space 2560K, 0% used [0x00000000eb080000,0x00000000eb080000,0x00000000eb300000)
 ParOldGen       total 77312K, used 67122K [0x00000000c0000000, 0x00000000c4b80000, 0x00000000eab00000)
  object space 77312K, 86% used [0x00000000c0000000,0x00000000c418cb08,0x00000000c4b80000)
 Metaspace       used 77187K, committed 78208K, reserved 1122304K
  class space    used 7486K, committed 7872K, reserved 1048576K
}
Event: 813.023 GC heap before
{Heap before GC invocations=4042 (full 124):
 PSYoungGen      total 7168K, used 6800K [0x00000000eab00000, 0x00000000eb580000, 0x0000000100000000)
  eden space 4608K, 100% used [0x00000000eab00000,0x00000000eaf80000,0x00000000eaf80000)
  from space 2560K, 85% used [0x00000000eb300000,0x00000000eb524010,0x00000000eb580000)
  to   space 2560K, 0% used [0x00000000eb080000,0x00000000eb080000,0x00000000eb300000)
 ParOldGen       total 77312K, used 67122K [0x00000000c0000000, 0x00000000c4b80000, 0x00000000eab00000)
  object space 77312K, 86% used [0x00000000c0000000,0x00000000c418cb08,0x00000000c4b80000)
 Metaspace       used 77200K, committed 78272K, reserved 1122304K
  class space    used 7490K, committed 7936K, reserved 1048576K
}
Event: 813.027 GC heap after
{Heap after GC invocations=4042 (full 124):
 PSYoungGen      total 6144K, used 1440K [0x00000000eab00000, 0x00000000eb380000, 0x0000000100000000)
  eden space 4608K, 0% used [0x00000000eab00000,0x00000000eab00000,0x00000000eaf80000)
  from space 1536K, 93% used [0x00000000eb080000,0x00000000eb1e8000,0x00000000eb200000)
  to   space 1536K, 0% used [0x00000000eb200000,0x00000000eb200000,0x00000000eb380000)
 ParOldGen       total 77312K, used 67588K [0x00000000c0000000, 0x00000000c4b80000, 0x00000000eab00000)
  object space 77312K, 87% used [0x00000000c0000000,0x00000000c42010f0,0x00000000c4b80000)
 Metaspace       used 77200K, committed 78272K, reserved 1122304K
  class space    used 7490K, committed 7936K, reserved 1048576K
}
Event: 813.470 GC heap before
{Heap before GC invocations=4043 (full 124):
 PSYoungGen      total 6144K, used 6048K [0x00000000eab00000, 0x00000000eb380000, 0x0000000100000000)
  eden space 4608K, 100% used [0x00000000eab00000,0x00000000eaf80000,0x00000000eaf80000)
  from space 1536K, 93% used [0x00000000eb080000,0x00000000eb1e8000,0x00000000eb200000)
  to   space 1536K, 0% used [0x00000000eb200000,0x00000000eb200000,0x00000000eb380000)
 ParOldGen       total 77312K, used 67588K [0x00000000c0000000, 0x00000000c4b80000, 0x00000000eab00000)
  object space 77312K, 87% used [0x00000000c0000000,0x00000000c42010f0,0x00000000c4b80000)
 Metaspace       used 77201K, committed 78272K, reserved 1122304K
  class space    used 7490K, committed 7936K, reserved 1048576K
}
Event: 813.472 GC heap after
{Heap after GC invocations=4043 (full 124):
 PSYoungGen      total 5120K, used 256K [0x00000000eab00000, 0x00000000eb280000, 0x0000000100000000)
  eden space 4608K, 0% used [0x00000000eab00000,0x00000000eab00000,0x00000000eaf80000)
  from space 512K, 50% used [0x00000000eb200000,0x00000000eb240000,0x00000000eb280000)
  to   space 1024K, 0% used [0x00000000eb080000,0x00000000eb080000,0x00000000eb180000)
 ParOldGen       total 77312K, used 68688K [0x00000000c0000000, 0x00000000c4b80000, 0x00000000eab00000)
  object space 77312K, 88% used [0x00000000c0000000,0x00000000c43143c8,0x00000000c4b80000)
 Metaspace       used 77201K, committed 78272K, reserved 1122304K
  class space    used 7490K, committed 7936K, reserved 1048576K
}
Event: 813.921 GC heap before
{Heap before GC invocations=4044 (full 124):
 PSYoungGen      total 5120K, used 4864K [0x00000000eab00000, 0x00000000eb280000, 0x0000000100000000)
  eden space 4608K, 100% used [0x00000000eab00000,0x00000000eaf80000,0x00000000eaf80000)
  from space 512K, 50% used [0x00000000eb200000,0x00000000eb240000,0x00000000eb280000)
  to   space 1024K, 0% used [0x00000000eb080000,0x00000000eb080000,0x00000000eb180000)
 ParOldGen       total 77312K, used 68688K [0x00000000c0000000, 0x00000000c4b80000, 0x00000000eab00000)
  object space 77312K, 88% used [0x00000000c0000000,0x00000000c43143c8,0x00000000c4b80000)
 Metaspace       used 77201K, committed 78272K, reserved 1122304K
  class space    used 7490K, committed 7936K, reserved 1048576K
}
Event: 813.922 GC heap after
{Heap after GC invocations=4044 (full 124):
 PSYoungGen      total 5632K, used 256K [0x00000000eab00000, 0x00000000eb280000, 0x0000000100000000)
  eden space 4608K, 0% used [0x00000000eab00000,0x00000000eab00000,0x00000000eaf80000)
  from space 1024K, 25% used [0x00000000eb080000,0x00000000eb0c0000,0x00000000eb180000)
  to   space 512K, 0% used [0x00000000eb200000,0x00000000eb200000,0x00000000eb280000)
 ParOldGen       total 77312K, used 68688K [0x00000000c0000000, 0x00000000c4b80000, 0x00000000eab00000)
  object space 77312K, 88% used [0x00000000c0000000,0x00000000c43143c8,0x00000000c4b80000)
 Metaspace       used 77201K, committed 78272K, reserved 1122304K
  class space    used 7490K, committed 7936K, reserved 1048576K
}
Event: 815.843 GC heap before
{Heap before GC invocations=4045 (full 124):
 PSYoungGen      total 5632K, used 4864K [0x00000000eab00000, 0x00000000eb280000, 0x0000000100000000)
  eden space 4608K, 100% used [0x00000000eab00000,0x00000000eaf80000,0x00000000eaf80000)
  from space 1024K, 25% used [0x00000000eb080000,0x00000000eb0c0000,0x00000000eb180000)
  to   space 512K, 0% used [0x00000000eb200000,0x00000000eb200000,0x00000000eb280000)
 ParOldGen       total 77312K, used 68688K [0x00000000c0000000, 0x00000000c4b80000, 0x00000000eab00000)
  object space 77312K, 88% used [0x00000000c0000000,0x00000000c43143c8,0x00000000c4b80000)
 Metaspace       used 77201K, committed 78272K, reserved 1122304K
  class space    used 7490K, committed 7936K, reserved 1048576K
}
Event: 815.845 GC heap after
{Heap after GC invocations=4045 (full 124):
 PSYoungGen      total 5120K, used 288K [0x00000000eab00000, 0x00000000eb280000, 0x0000000100000000)
  eden space 4608K, 0% used [0x00000000eab00000,0x00000000eab00000,0x00000000eaf80000)
  from space 512K, 56% used [0x00000000eb200000,0x00000000eb248000,0x00000000eb280000)
  to   space 512K, 0% used [0x00000000eb180000,0x00000000eb180000,0x00000000eb200000)
 ParOldGen       total 77312K, used 68688K [0x00000000c0000000, 0x00000000c4b80000, 0x00000000eab00000)
  object space 77312K, 88% used [0x00000000c0000000,0x00000000c43143c8,0x00000000c4b80000)
 Metaspace       used 77201K, committed 78272K, reserved 1122304K
  class space    used 7490K, committed 7936K, reserved 1048576K
}
Event: 818.788 GC heap before
{Heap before GC invocations=4046 (full 124):
 PSYoungGen      total 5120K, used 4896K [0x00000000eab00000, 0x00000000eb280000, 0x0000000100000000)
  eden space 4608K, 100% used [0x00000000eab00000,0x00000000eaf80000,0x00000000eaf80000)
  from space 512K, 56% used [0x00000000eb200000,0x00000000eb248000,0x00000000eb280000)
  to   space 512K, 0% used [0x00000000eb180000,0x00000000eb180000,0x00000000eb200000)
 ParOldGen       total 77312K, used 68688K [0x00000000c0000000, 0x00000000c4b80000, 0x00000000eab00000)
  object space 77312K, 88% used [0x00000000c0000000,0x00000000c43143c8,0x00000000c4b80000)
 Metaspace       used 77201K, committed 78272K, reserved 1122304K
  class space    used 7490K, committed 7936K, reserved 1048576K
}
Event: 818.790 GC heap after
{Heap after GC invocations=4046 (full 124):
 PSYoungGen      total 5120K, used 256K [0x00000000eab00000, 0x00000000eb280000, 0x0000000100000000)
  eden space 4608K, 0% used [0x00000000eab00000,0x00000000eab00000,0x00000000eaf80000)
  from space 512K, 50% used [0x00000000eb180000,0x00000000eb1c0000,0x00000000eb200000)
  to   space 512K, 0% used [0x00000000eb200000,0x00000000eb200000,0x00000000eb280000)
 ParOldGen       total 77312K, used 68688K [0x00000000c0000000, 0x00000000c4b80000, 0x00000000eab00000)
  object space 77312K, 88% used [0x00000000c0000000,0x00000000c43143c8,0x00000000c4b80000)
 Metaspace       used 77201K, committed 78272K, reserved 1122304K
  class space    used 7490K, committed 7936K, reserved 1048576K
}
Event: 822.283 GC heap before
{Heap before GC invocations=4047 (full 124):
 PSYoungGen      total 5120K, used 4864K [0x00000000eab00000, 0x00000000eb280000, 0x0000000100000000)
  eden space 4608K, 100% used [0x00000000eab00000,0x00000000eaf80000,0x00000000eaf80000)
  from space 512K, 50% used [0x00000000eb180000,0x00000000eb1c0000,0x00000000eb200000)
  to   space 512K, 0% used [0x00000000eb200000,0x00000000eb200000,0x00000000eb280000)
 ParOldGen       total 77312K, used 68688K [0x00000000c0000000, 0x00000000c4b80000, 0x00000000eab00000)
  object space 77312K, 88% used [0x00000000c0000000,0x00000000c43143c8,0x00000000c4b80000)
 Metaspace       used 77204K, committed 78272K, reserved 1122304K
  class space    used 7490K, committed 7936K, reserved 1048576K
}
Event: 822.287 GC heap after
{Heap after GC invocations=4047 (full 124):
 PSYoungGen      total 5120K, used 480K [0x00000000eab00000, 0x00000000eb280000, 0x0000000100000000)
  eden space 4608K, 0% used [0x00000000eab00000,0x00000000eab00000,0x00000000eaf80000)
  from space 512K, 93% used [0x00000000eb200000,0x00000000eb2780f0,0x00000000eb280000)
  to   space 512K, 0% used [0x00000000eb180000,0x00000000eb180000,0x00000000eb200000)
 ParOldGen       total 77312K, used 70898K [0x00000000c0000000, 0x00000000c4b80000, 0x00000000eab00000)
  object space 77312K, 91% used [0x00000000c0000000,0x00000000c453c8d0,0x00000000c4b80000)
 Metaspace       used 77204K, committed 78272K, reserved 1122304K
  class space    used 7490K, committed 7936K, reserved 1048576K
}
Event: 822.320 GC heap before
{Heap before GC invocations=4048 (full 124):
 PSYoungGen      total 5120K, used 5088K [0x00000000eab00000, 0x00000000eb280000, 0x0000000100000000)
  eden space 4608K, 100% used [0x00000000eab00000,0x00000000eaf80000,0x00000000eaf80000)
  from space 512K, 93% used [0x00000000eb200000,0x00000000eb2780f0,0x00000000eb280000)
  to   space 512K, 0% used [0x00000000eb180000,0x00000000eb180000,0x00000000eb200000)
 ParOldGen       total 77312K, used 70898K [0x00000000c0000000, 0x00000000c4b80000, 0x00000000eab00000)
  object space 77312K, 91% used [0x00000000c0000000,0x00000000c453c8d0,0x00000000c4b80000)
 Metaspace       used 77205K, committed 78272K, reserved 1122304K
  class space    used 7490K, committed 7936K, reserved 1048576K
}
Event: 822.324 GC heap after
{Heap after GC invocations=4048 (full 124):
 PSYoungGen      total 5120K, used 512K [0x00000000eab00000, 0x00000000eb380000, 0x0000000100000000)
  eden space 4608K, 0% used [0x00000000eab00000,0x00000000eab00000,0x00000000eaf80000)
  from space 512K, 100% used [0x00000000eb180000,0x00000000eb200000,0x00000000eb200000)
  to   space 1536K, 0% used [0x00000000eb200000,0x00000000eb200000,0x00000000eb380000)
 ParOldGen       total 77312K, used 71783K [0x00000000c0000000, 0x00000000c4b80000, 0x00000000eab00000)
  object space 77312K, 92% used [0x00000000c0000000,0x00000000c4619d50,0x00000000c4b80000)
 Metaspace       used 77205K, committed 78272K, reserved 1122304K
  class space    used 7490K, committed 7936K, reserved 1048576K
}
Event: 822.345 GC heap before
{Heap before GC invocations=4049 (full 124):
 PSYoungGen      total 5120K, used 5049K [0x00000000eab00000, 0x00000000eb380000, 0x0000000100000000)
  eden space 4608K, 98% used [0x00000000eab00000,0x00000000eaf6e490,0x00000000eaf80000)
  from space 512K, 100% used [0x00000000eb180000,0x00000000eb200000,0x00000000eb200000)
  to   space 1536K, 0% used [0x00000000eb200000,0x00000000eb200000,0x00000000eb380000)
 ParOldGen       total 77312K, used 71783K [0x00000000c0000000, 0x00000000c4b80000, 0x00000000eab00000)
  object space 77312K, 92% used [0x00000000c0000000,0x00000000c4619d50,0x00000000c4b80000)
 Metaspace       used 77207K, committed 78272K, reserved 1122304K
  class space    used 7490K, committed 7936K, reserved 1048576K
}
Event: 822.348 GC heap after
{Heap after GC invocations=4049 (full 124):
 PSYoungGen      total 6144K, used 1536K [0x00000000eab00000, 0x00000000eb380000, 0x0000000100000000)
  eden space 4608K, 0% used [0x00000000eab00000,0x00000000eab00000,0x00000000eaf80000)
  from space 1536K, 100% used [0x00000000eb200000,0x00000000eb380000,0x00000000eb380000)
  to   space 2048K, 0% used [0x00000000eaf80000,0x00000000eaf80000,0x00000000eb180000)
 ParOldGen       total 77312K, used 71919K [0x00000000c0000000, 0x00000000c4b80000, 0x00000000eab00000)
  object space 77312K, 93% used [0x00000000c0000000,0x00000000c463bd50,0x00000000c4b80000)
 Metaspace       used 77207K, committed 78272K, reserved 1122304K
  class space    used 7490K, committed 7936K, reserved 1048576K
}
Event: 822.419 GC heap before
{Heap before GC invocations=4050 (full 124):
 PSYoungGen      total 6144K, used 6144K [0x00000000eab00000, 0x00000000eb380000, 0x0000000100000000)
  eden space 4608K, 100% used [0x00000000eab00000,0x00000000eaf80000,0x00000000eaf80000)
  from space 1536K, 100% used [0x00000000eb200000,0x00000000eb380000,0x00000000eb380000)
  to   space 2048K, 0% used [0x00000000eaf80000,0x00000000eaf80000,0x00000000eb180000)
 ParOldGen       total 77312K, used 71919K [0x00000000c0000000, 0x00000000c4b80000, 0x00000000eab00000)
  object space 77312K, 93% used [0x00000000c0000000,0x00000000c463bd50,0x00000000c4b80000)
 Metaspace       used 77207K, committed 78272K, reserved 1122304K
  class space    used 7490K, committed 7936K, reserved 1048576K
}
Event: 822.422 GC heap after
{Heap after GC invocations=4050 (full 124):
 PSYoungGen      total 6656K, used 1984K [0x00000000eab00000, 0x00000000eb480000, 0x0000000100000000)
  eden space 4608K, 0% used [0x00000000eab00000,0x00000000eab00000,0x00000000eaf80000)
  from space 2048K, 96% used [0x00000000eaf80000,0x00000000eb170000,0x00000000eb180000)
  to   space 2560K, 0% used [0x00000000eb200000,0x00000000eb200000,0x00000000eb480000)
 ParOldGen       total 77312K, used 71943K [0x00000000c0000000, 0x00000000c4b80000, 0x00000000eab00000)
  object space 77312K, 93% used [0x00000000c0000000,0x00000000c4641d50,0x00000000c4b80000)
 Metaspace       used 77207K, committed 78272K, reserved 1122304K
  class space    used 7490K, committed 7936K, reserved 1048576K
}

