# JRE version: OpenJDK Runtime Environment Temurin-17.0.4.1+1 (17.0.4.1+1) (build 17.0.4.1+1)
# Java VM: OpenJDK 64-Bit Server VM Temurin-17.0.4.1+1 (17.0.4.1+1, mixed mode, tiered, compressed oops, compressed class ptrs, parallel gc, windows-amd64)
GC Precious Log:
 CPUs: 4 total, 4 available
 Memory: 32659M
 Large Page Support: Disabled
 NUMA Support: Disabled
 Compressed Oops: Enabled (32-bit)
 Alignments: Space 512K, Generation 512K, Heap 2M
 Heap Min Capacity: 100M
 Heap Initial Capacity: 100M
 Heap Max Capacity: 1G
 Pre-touch: Disabled
 Parallel Workers: 4
Heap:
 PSYoungGen      total 10752K, used 8445K [0x00000000eab00000, 0x00000000eb880000, 0x0000000100000000)
  eden space 7680K, 70% used [0x00000000eab00000,0x00000000eb043410,0x00000000eb280000)
  from space 3072K, 99% used [0x00000000eb280000,0x00000000eb57c010,0x00000000eb580000)
  to   space 3072K, 0% used [0x00000000eb580000,0x00000000eb580000,0x00000000eb880000)
 ParOldGen       total 158720K, used 143297K [0x00000000c0000000, 0x00000000c9b00000, 0x00000000eab00000)
  object space 158720K, 90% used [0x00000000c0000000,0x00000000c8bf0618,0x00000000c9b00000)
 Metaspace       used 84291K, committed 85312K, reserved 1130496K
  class space    used 8106K, committed 8512K, reserved 1048576K
GC Heap History (20 events):
Event: 5217.288 GC heap before
{Heap before GC invocations=5674 (full 144):
 PSYoungGen      total 13312K, used 12368K [0x00000000eab00000, 0x00000000ebc80000, 0x0000000100000000)
  eden space 8704K, 100% used [0x00000000eab00000,0x00000000eb380000,0x00000000eb380000)
  from space 4608K, 79% used [0x00000000eb380000,0x00000000eb714010,0x00000000eb800000)
  to   space 4096K, 0% used [0x00000000eb880000,0x00000000eb880000,0x00000000ebc80000)
 ParOldGen       total 158720K, used 135667K [0x00000000c0000000, 0x00000000c9b00000, 0x00000000eab00000)
  object space 158720K, 85% used [0x00000000c0000000,0x00000000c847cf08,0x00000000c9b00000)
 Metaspace       used 84274K, committed 85312K, reserved 1130496K
  class space    used 8106K, committed 8512K, reserved 1048576K
}
Event: 5217.292 GC heap after
{Heap after GC invocations=5674 (full 144):
 PSYoungGen      total 11776K, used 2736K [0x00000000eab00000, 0x00000000ebb80000, 0x0000000100000000)
  eden space 8704K, 0% used [0x00000000eab00000,0x00000000eab00000,0x00000000eb380000)
  from space 3072K, 89% used [0x00000000eb880000,0x00000000ebb2c010,0x00000000ebb80000)
  to   space 3584K, 0% used [0x00000000eb480000,0x00000000eb480000,0x00000000eb800000)
 ParOldGen       total 158720K, used 136903K [0x00000000c0000000, 0x00000000c9b00000, 0x00000000eab00000)
  object space 158720K, 86% used [0x00000000c0000000,0x00000000c85b1cf8,0x00000000c9b00000)
 Metaspace       used 84274K, committed 85312K, reserved 1130496K
  class space    used 8106K, committed 8512K, reserved 1048576K
}
Event: 5217.325 GC heap before
{Heap before GC invocations=5675 (full 144):
 PSYoungGen      total 11776K, used 11440K [0x00000000eab00000, 0x00000000ebb80000, 0x0000000100000000)
  eden space 8704K, 100% used [0x00000000eab00000,0x00000000eb380000,0x00000000eb380000)
  from space 3072K, 89% used [0x00000000eb880000,0x00000000ebb2c010,0x00000000ebb80000)
  to   space 3584K, 0% used [0x00000000eb480000,0x00000000eb480000,0x00000000eb800000)
 ParOldGen       total 158720K, used 136903K [0x00000000c0000000, 0x00000000c9b00000, 0x00000000eab00000)
  object space 158720K, 86% used [0x00000000c0000000,0x00000000c85b1cf8,0x00000000c9b00000)
 Metaspace       used 84274K, committed 85312K, reserved 1130496K
  class space    used 8106K, committed 8512K, reserved 1048576K
}
Event: 5217.328 GC heap after
{Heap after GC invocations=5675 (full 144):
 PSYoungGen      total 10752K, used 2016K [0x00000000eab00000, 0x00000000eb900000, 0x0000000100000000)
  eden space 8704K, 0% used [0x00000000eab00000,0x00000000eab00000,0x00000000eb380000)
  from space 2048K, 98% used [0x00000000eb480000,0x00000000eb678000,0x00000000eb680000)
  to   space 2560K, 0% used [0x00000000eb680000,0x00000000eb680000,0x00000000eb900000)
 ParOldGen       total 158720K, used 137511K [0x00000000c0000000, 0x00000000c9b00000, 0x00000000eab00000)
  object space 158720K, 86% used [0x00000000c0000000,0x00000000c8649d18,0x00000000c9b00000)
 Metaspace       used 84274K, committed 85312K, reserved 1130496K
  class space    used 8106K, committed 8512K, reserved 1048576K
}
Event: 5220.642 GC heap before
{Heap before GC invocations=5676 (full 144):
 PSYoungGen      total 10752K, used 10720K [0x00000000eab00000, 0x00000000eb900000, 0x0000000100000000)
  eden space 8704K, 100% used [0x00000000eab00000,0x00000000eb380000,0x00000000eb380000)
  from space 2048K, 98% used [0x00000000eb480000,0x00000000eb678000,0x00000000eb680000)
  to   space 2560K, 0% used [0x00000000eb680000,0x00000000eb680000,0x00000000eb900000)
 ParOldGen       total 158720K, used 137511K [0x00000000c0000000, 0x00000000c9b00000, 0x00000000eab00000)
  object space 158720K, 86% used [0x00000000c0000000,0x00000000c8649d18,0x00000000c9b00000)
 Metaspace       used 84274K, committed 85312K, reserved 1130496K
  class space    used 8106K, committed 8512K, reserved 1048576K
}
Event: 5220.645 GC heap after
{Heap after GC invocations=5676 (full 144):
 PSYoungGen      total 10752K, used 1984K [0x00000000eab00000, 0x00000000eb880000, 0x0000000100000000)
  eden space 8704K, 0% used [0x00000000eab00000,0x00000000eab00000,0x00000000eb380000)
  from space 2048K, 96% used [0x00000000eb680000,0x00000000eb870000,0x00000000eb880000)
  to   space 2560K, 0% used [0x00000000eb380000,0x00000000eb380000,0x00000000eb600000)
 ParOldGen       total 158720K, used 137867K [0x00000000c0000000, 0x00000000c9b00000, 0x00000000eab00000)
  object space 158720K, 86% used [0x00000000c0000000,0x00000000c86a2d38,0x00000000c9b00000)
 Metaspace       used 84274K, committed 85312K, reserved 1130496K
  class space    used 8106K, committed 8512K, reserved 1048576K
}
Event: 5286.747 GC heap before
{Heap before GC invocations=5677 (full 144):
 PSYoungGen      total 10752K, used 10688K [0x00000000eab00000, 0x00000000eb880000, 0x0000000100000000)
  eden space 8704K, 100% used [0x00000000eab00000,0x00000000eb380000,0x00000000eb380000)
  from space 2048K, 96% used [0x00000000eb680000,0x00000000eb870000,0x00000000eb880000)
  to   space 2560K, 0% used [0x00000000eb380000,0x00000000eb380000,0x00000000eb600000)
 ParOldGen       total 158720K, used 137867K [0x00000000c0000000, 0x00000000c9b00000, 0x00000000eab00000)
  object space 158720K, 86% used [0x00000000c0000000,0x00000000c86a2d38,0x00000000c9b00000)
 Metaspace       used 84290K, committed 85312K, reserved 1130496K
  class space    used 8106K, committed 8512K, reserved 1048576K
}
Event: 5286.750 GC heap after
{Heap after GC invocations=5677 (full 144):
 PSYoungGen      total 11264K, used 416K [0x00000000eab00000, 0x00000000eb700000, 0x0000000100000000)
  eden space 8704K, 0% used [0x00000000eab00000,0x00000000eab00000,0x00000000eb380000)
  from space 2560K, 16% used [0x00000000eb380000,0x00000000eb3e8000,0x00000000eb600000)
  to   space 1024K, 0% used [0x00000000eb600000,0x00000000eb600000,0x00000000eb700000)
 ParOldGen       total 158720K, used 139170K [0x00000000c0000000, 0x00000000c9b00000, 0x00000000eab00000)
  object space 158720K, 87% used [0x00000000c0000000,0x00000000c87e8828,0x00000000c9b00000)
 Metaspace       used 84290K, committed 85312K, reserved 1130496K
  class space    used 8106K, committed 8512K, reserved 1048576K
}
Event: 5289.824 GC heap before
{Heap before GC invocations=5678 (full 144):
 PSYoungGen      total 11264K, used 9120K [0x00000000eab00000, 0x00000000eb700000, 0x0000000100000000)
  eden space 8704K, 100% used [0x00000000eab00000,0x00000000eb380000,0x00000000eb380000)
  from space 2560K, 16% used [0x00000000eb380000,0x00000000eb3e8000,0x00000000eb600000)
  to   space 1024K, 0% used [0x00000000eb600000,0x00000000eb600000,0x00000000eb700000)
 ParOldGen       total 158720K, used 139170K [0x00000000c0000000, 0x00000000c9b00000, 0x00000000eab00000)
  object space 158720K, 87% used [0x00000000c0000000,0x00000000c87e8828,0x00000000c9b00000)
 Metaspace       used 84290K, committed 85312K, reserved 1130496K
  class space    used 8106K, committed 8512K, reserved 1048576K
}
Event: 5289.827 GC heap after
{Heap after GC invocations=5678 (full 144):
 PSYoungGen      total 8704K, used 1008K [0x00000000eab00000, 0x00000000eba80000, 0x0000000100000000)
  eden space 7680K, 0% used [0x00000000eab00000,0x00000000eab00000,0x00000000eb280000)
  from space 1024K, 98% used [0x00000000eb600000,0x00000000eb6fc010,0x00000000eb700000)
  to   space 3584K, 0% used [0x00000000eb280000,0x00000000eb280000,0x00000000eb600000)
 ParOldGen       total 158720K, used 140920K [0x00000000c0000000, 0x00000000c9b00000, 0x00000000eab00000)
  object space 158720K, 88% used [0x00000000c0000000,0x00000000c899e140,0x00000000c9b00000)
 Metaspace       used 84290K, committed 85312K, reserved 1130496K
  class space    used 8106K, committed 8512K, reserved 1048576K
}
Event: 5289.953 GC heap before
{Heap before GC invocations=5679 (full 144):
 PSYoungGen      total 8704K, used 8688K [0x00000000eab00000, 0x00000000eba80000, 0x0000000100000000)
  eden space 7680K, 100% used [0x00000000eab00000,0x00000000eb280000,0x00000000eb280000)
  from space 1024K, 98% used [0x00000000eb600000,0x00000000eb6fc010,0x00000000eb700000)
  to   space 3584K, 0% used [0x00000000eb280000,0x00000000eb280000,0x00000000eb600000)
 ParOldGen       total 158720K, used 140920K [0x00000000c0000000, 0x00000000c9b00000, 0x00000000eab00000)
  object space 158720K, 88% used [0x00000000c0000000,0x00000000c899e140,0x00000000c9b00000)
 Metaspace       used 84290K, committed 85312K, reserved 1130496K
  class space    used 8106K, committed 8512K, reserved 1048576K
}
Event: 5289.956 GC heap after
{Heap after GC invocations=5679 (full 144):
 PSYoungGen      total 9728K, used 2032K [0x00000000eab00000, 0x00000000eb780000, 0x0000000100000000)
  eden space 7680K, 0% used [0x00000000eab00000,0x00000000eab00000,0x00000000eb280000)
  from space 2048K, 99% used [0x00000000eb280000,0x00000000eb47c010,0x00000000eb480000)
  to   space 2560K, 0% used [0x00000000eb500000,0x00000000eb500000,0x00000000eb780000)
 ParOldGen       total 158720K, used 141264K [0x00000000c0000000, 0x00000000c9b00000, 0x00000000eab00000)
  object space 158720K, 89% used [0x00000000c0000000,0x00000000c89f4150,0x00000000c9b00000)
 Metaspace       used 84290K, committed 85312K, reserved 1130496K
  class space    used 8106K, committed 8512K, reserved 1048576K
}
Event: 5289.988 GC heap before
{Heap before GC invocations=5680 (full 144):
 PSYoungGen      total 9728K, used 9712K [0x00000000eab00000, 0x00000000eb780000, 0x0000000100000000)
  eden space 7680K, 100% used [0x00000000eab00000,0x00000000eb280000,0x00000000eb280000)
  from space 2048K, 99% used [0x00000000eb280000,0x00000000eb47c010,0x00000000eb480000)
  to   space 2560K, 0% used [0x00000000eb500000,0x00000000eb500000,0x00000000eb780000)
 ParOldGen       total 158720K, used 141264K [0x00000000c0000000, 0x00000000c9b00000, 0x00000000eab00000)
  object space 158720K, 89% used [0x00000000c0000000,0x00000000c89f4150,0x00000000c9b00000)
 Metaspace       used 84290K, committed 85312K, reserved 1130496K
  class space    used 8106K, committed 8512K, reserved 1048576K
}
Event: 5289.991 GC heap after
{Heap after GC invocations=5680 (full 144):
 PSYoungGen      total 10240K, used 2448K [0x00000000eab00000, 0x00000000eb780000, 0x0000000100000000)
  eden space 7680K, 0% used [0x00000000eab00000,0x00000000eab00000,0x00000000eb280000)
  from space 2560K, 95% used [0x00000000eb500000,0x00000000eb764010,0x00000000eb780000)
  to   space 2560K, 0% used [0x00000000eb280000,0x00000000eb280000,0x00000000eb500000)
 ParOldGen       total 158720K, used 141264K [0x00000000c0000000, 0x00000000c9b00000, 0x00000000eab00000)
  object space 158720K, 89% used [0x00000000c0000000,0x00000000c89f4150,0x00000000c9b00000)
 Metaspace       used 84290K, committed 85312K, reserved 1130496K
  class space    used 8106K, committed 8512K, reserved 1048576K
}
Event: 5290.772 GC heap before
{Heap before GC invocations=5681 (full 144):
 PSYoungGen      total 10240K, used 10128K [0x00000000eab00000, 0x00000000eb780000, 0x0000000100000000)
  eden space 7680K, 100% used [0x00000000eab00000,0x00000000eb280000,0x00000000eb280000)
  from space 2560K, 95% used [0x00000000eb500000,0x00000000eb764010,0x00000000eb780000)
  to   space 2560K, 0% used [0x00000000eb280000,0x00000000eb280000,0x00000000eb500000)
 ParOldGen       total 158720K, used 141264K [0x00000000c0000000, 0x00000000c9b00000, 0x00000000eab00000)
  object space 158720K, 89% used [0x00000000c0000000,0x00000000c89f4150,0x00000000c9b00000)
 Metaspace       used 84290K, committed 85312K, reserved 1130496K
  class space    used 8106K, committed 8512K, reserved 1048576K
}
Event: 5290.775 GC heap after
{Heap after GC invocations=5681 (full 144):
 PSYoungGen      total 10240K, used 2560K [0x00000000eab00000, 0x00000000eb880000, 0x0000000100000000)
  eden space 7680K, 0% used [0x00000000eab00000,0x00000000eab00000,0x00000000eb280000)
  from space 2560K, 100% used [0x00000000eb280000,0x00000000eb500000,0x00000000eb500000)
  to   space 3072K, 0% used [0x00000000eb580000,0x00000000eb580000,0x00000000eb880000)
 ParOldGen       total 158720K, used 141304K [0x00000000c0000000, 0x00000000c9b00000, 0x00000000eab00000)
  object space 158720K, 89% used [0x00000000c0000000,0x00000000c89fe150,0x00000000c9b00000)
 Metaspace       used 84290K, committed 85312K, reserved 1130496K
  class space    used 8106K, committed 8512K, reserved 1048576K
}
Event: 5290.888 GC heap before
{Heap before GC invocations=5682 (full 144):
 PSYoungGen      total 10240K, used 10237K [0x00000000eab00000, 0x00000000eb880000, 0x0000000100000000)
  eden space 7680K, 99% used [0x00000000eab00000,0x00000000eb27f440,0x00000000eb280000)
  from space 2560K, 100% used [0x00000000eb280000,0x00000000eb500000,0x00000000eb500000)
  to   space 3072K, 0% used [0x00000000eb580000,0x00000000eb580000,0x00000000eb880000)
 ParOldGen       total 158720K, used 141304K [0x00000000c0000000, 0x00000000c9b00000, 0x00000000eab00000)
  object space 158720K, 89% used [0x00000000c0000000,0x00000000c89fe150,0x00000000c9b00000)
 Metaspace       used 84290K, committed 85312K, reserved 1130496K
  class space    used 8106K, committed 8512K, reserved 1048576K
}
Event: 5290.891 GC heap after
{Heap after GC invocations=5682 (full 144):
 PSYoungGen      total 10752K, used 2608K [0x00000000eab00000, 0x00000000eb880000, 0x0000000100000000)
  eden space 7680K, 0% used [0x00000000eab00000,0x00000000eab00000,0x00000000eb280000)
  from space 3072K, 84% used [0x00000000eb580000,0x00000000eb80c010,0x00000000eb880000)
  to   space 3072K, 0% used [0x00000000eb280000,0x00000000eb280000,0x00000000eb580000)
 ParOldGen       total 158720K, used 141336K [0x00000000c0000000, 0x00000000c9b00000, 0x00000000eab00000)
  object space 158720K, 89% used [0x00000000c0000000,0x00000000c8a06150,0x00000000c9b00000)
 Metaspace       used 84290K, committed 85312K, reserved 1130496K
  class space    used 8106K, committed 8512K, reserved 1048576K
}
Event: 5291.067 GC heap before
{Heap before GC invocations=5683 (full 144):
 PSYoungGen      total 10752K, used 10288K [0x00000000eab00000, 0x00000000eb880000, 0x0000000100000000)
  eden space 7680K, 100% used [0x00000000eab00000,0x00000000eb280000,0x00000000eb280000)
  from space 3072K, 84% used [0x00000000eb580000,0x00000000eb80c010,0x00000000eb880000)
  to   space 3072K, 0% used [0x00000000eb280000,0x00000000eb280000,0x00000000eb580000)
 ParOldGen       total 158720K, used 141336K [0x00000000c0000000, 0x00000000c9b00000, 0x00000000eab00000)
  object space 158720K, 89% used [0x00000000c0000000,0x00000000c8a06150,0x00000000c9b00000)
 Metaspace       used 84290K, committed 85312K, reserved 1130496K
  class space    used 8106K, committed 8512K, reserved 1048576K
}
Event: 5291.072 GC heap after
{Heap after GC invocations=5683 (full 144):
 PSYoungGen      total 10752K, used 3056K [0x00000000eab00000, 0x00000000eb880000, 0x0000000100000000)
  eden space 7680K, 0% used [0x00000000eab00000,0x00000000eab00000,0x00000000eb280000)
  from space 3072K, 99% used [0x00000000eb280000,0x00000000eb57c010,0x00000000eb580000)
  to   space 3072K, 0% used [0x00000000eb580000,0x00000000eb580000,0x00000000eb880000)
 ParOldGen       total 158720K, used 143297K [0x00000000c0000000, 0x00000000c9b00000, 0x00000000eab00000)
  object space 158720K, 90% used [0x00000000c0000000,0x00000000c8bf0618,0x00000000c9b00000)
 Metaspace       used 84290K, committed 85312K, reserved 1130496K
  class space    used 8106K, committed 8512K, reserved 1048576K
}

